# JRE version: Java(TM) SE Runtime Environment (8.0_91-b14) (build 1.8.0_91-b14)
# Java VM: Java HotSpot(TM) 64-Bit Server VM (25.91-b14 mixed mode linux-amd64 compressed oops)
Heap:
 PSYoungGen      total 316928K, used 0K [0x00000000d6d00000, 0x00000000f0d80000, 0x0000000100000000)
  eden space 291328K, 0% used [0x00000000d6d00000,0x00000000d6d00000,0x00000000e8980000)
  from space 25600K, 0% used [0x00000000e8980000,0x00000000e8980000,0x00000000ea280000)
  to   space 29184K, 0% used [0x00000000ef100000,0x00000000ef100000,0x00000000f0d80000)
 ParOldGen       total 126464K, used 119918K [0x0000000084600000, 0x000000008c180000, 0x00000000d6d00000)
  object space 126464K, 94% used [0x0000000084600000,0x000000008bb1bbb8,0x000000008c180000)
 Metaspace       used 47985K, capacity 48846K, committed 49320K, reserved 1091584K
  class space    used 6013K, capacity 6262K, committed 6320K, reserved 1048576K
GC Heap History (10 events):
Event: 3,973 GC heap after
Heap after GC invocations=9 (full 1):
 PSYoungGen      total 226816K, used 13805K [0x00000000d6d00000, 0x00000000e7f00000, 0x0000000100000000)
  eden space 212992K, 0% used [0x00000000d6d00000,0x00000000d6d00000,0x00000000e3d00000)
  from space 13824K, 99% used [0x00000000e7180000,0x00000000e7efb6c0,0x00000000e7f00000)
  to   space 15872K, 0% used [0x00000000e6000000,0x00000000e6000000,0x00000000e6f80000)
 ParOldGen       total 67072K, used 20452K [0x0000000084600000, 0x0000000088780000, 0x00000000d6d00000)
  object space 67072K, 30% used [0x0000000084600000,0x00000000859f91c0,0x0000000088780000)
 Metaspace       used 29315K, capacity 29964K, committed 30128K, reserved 1075200K
  class space    used 3525K, capacity 3710K, committed 3760K, reserved 1048576K
}
Event: 5,101 GC heap before
{Heap before GC invocations=10 (full 1):
 PSYoungGen      total 226816K, used 151643K [0x00000000d6d00000, 0x00000000e7f00000, 0x0000000100000000)
  eden space 212992K, 64% used [0x00000000d6d00000,0x00000000df39b770,0x00000000e3d00000)
  from space 13824K, 99% used [0x00000000e7180000,0x00000000e7efb6c0,0x00000000e7f00000)
  to   space 15872K, 0% used [0x00000000e6000000,0x00000000e6000000,0x00000000e6f80000)
 ParOldGen       total 67072K, used 20452K [0x0000000084600000, 0x0000000088780000, 0x00000000d6d00000)
  object space 67072K, 30% used [0x0000000084600000,0x00000000859f91c0,0x0000000088780000)
 Metaspace       used 34566K, capacity 35260K, committed 35496K, reserved 1081344K
  class space    used 4208K, capacity 4422K, committed 4528K, reserved 1048576K
Event: 5,125 GC heap after
Heap after GC invocations=10 (full 1):
 PSYoungGen      total 264704K, used 15861K [0x00000000d6d00000, 0x00000000eb600000, 0x0000000100000000)
  eden space 248832K, 0% used [0x00000000d6d00000,0x00000000d6d00000,0x00000000e6000000)
  from space 15872K, 99% used [0x00000000e6000000,0x00000000e6f7d6e8,0x00000000e6f80000)
  to   space 19968K, 0% used [0x00000000ea280000,0x00000000ea280000,0x00000000eb600000)
 ParOldGen       total 67072K, used 25432K [0x0000000084600000, 0x0000000088780000, 0x00000000d6d00000)
  object space 67072K, 37% used [0x0000000084600000,0x0000000085ed6200,0x0000000088780000)
 Metaspace       used 34566K, capacity 35260K, committed 35496K, reserved 1081344K
  class space    used 4208K, capacity 4422K, committed 4528K, reserved 1048576K
}
Event: 5,125 GC heap before
{Heap before GC invocations=11 (full 2):
 PSYoungGen      total 264704K, used 15861K [0x00000000d6d00000, 0x00000000eb600000, 0x0000000100000000)
  eden space 248832K, 0% used [0x00000000d6d00000,0x00000000d6d00000,0x00000000e6000000)
  from space 15872K, 99% used [0x00000000e6000000,0x00000000e6f7d6e8,0x00000000e6f80000)
  to   space 19968K, 0% used [0x00000000ea280000,0x00000000ea280000,0x00000000eb600000)
 ParOldGen       total 67072K, used 25432K [0x0000000084600000, 0x0000000088780000, 0x00000000d6d00000)
  object space 67072K, 37% used [0x0000000084600000,0x0000000085ed6200,0x0000000088780000)
 Metaspace       used 34566K, capacity 35260K, committed 35496K, reserved 1081344K
  class space    used 4208K, capacity 4422K, committed 4528K, reserved 1048576K
Event: 5,188 GC heap after
Heap after GC invocations=11 (full 2):
 PSYoungGen      total 264704K, used 0K [0x00000000d6d00000, 0x00000000eb600000, 0x0000000100000000)
  eden space 248832K, 0% used [0x00000000d6d00000,0x00000000d6d00000,0x00000000e6000000)
  from space 15872K, 0% used [0x00000000e6000000,0x00000000e6000000,0x00000000e6f80000)
  to   space 19968K, 0% used [0x00000000ea280000,0x00000000ea280000,0x00000000eb600000)
 ParOldGen       total 100864K, used 34785K [0x0000000084600000, 0x000000008a880000, 0x00000000d6d00000)
  object space 100864K, 34% used [0x0000000084600000,0x00000000867f8548,0x000000008a880000)
 Metaspace       used 34566K, capacity 35260K, committed 35496K, reserved 1081344K
  class space    used 4208K, capacity 4422K, committed 4528K, reserved 1048576K
}
Event: 92,547 GC heap before
{Heap before GC invocations=12 (full 2):
 PSYoungGen      total 264704K, used 247671K [0x00000000d6d00000, 0x00000000eb600000, 0x0000000100000000)
  eden space 248832K, 99% used [0x00000000d6d00000,0x00000000e5eddf10,0x00000000e6000000)
  from space 15872K, 0% used [0x00000000e6000000,0x00000000e6000000,0x00000000e6f80000)
  to   space 19968K, 0% used [0x00000000ea280000,0x00000000ea280000,0x00000000eb600000)
 ParOldGen       total 100864K, used 34785K [0x0000000084600000, 0x000000008a880000, 0x00000000d6d00000)
  object space 100864K, 34% used [0x0000000084600000,0x00000000867f8548,0x000000008a880000)
 Metaspace       used 47966K, capacity 48846K, committed 49320K, reserved 1091584K
  class space    used 6013K, capacity 6262K, committed 6320K, reserved 1048576K
Event: 92,572 GC heap after
Heap after GC invocations=12 (full 2):
 PSYoungGen      total 311296K, used 19950K [0x00000000d6d00000, 0x00000000edc00000, 0x0000000100000000)
  eden space 291328K, 0% used [0x00000000d6d00000,0x00000000d6d00000,0x00000000e8980000)
  from space 19968K, 99% used [0x00000000ea280000,0x00000000eb5fbb90,0x00000000eb600000)
  to   space 25600K, 0% used [0x00000000e8980000,0x00000000e8980000,0x00000000ea280000)
 ParOldGen       total 100864K, used 42759K [0x0000000084600000, 0x000000008a880000, 0x00000000d6d00000)
  object space 100864K, 42% used [0x0000000084600000,0x0000000086fc1db0,0x000000008a880000)
 Metaspace       used 47966K, capacity 48846K, committed 49320K, reserved 1091584K
  class space    used 6013K, capacity 6262K, committed 6320K, reserved 1048576K
}
Event: 173,250 GC heap before
{Heap before GC invocations=13 (full 2):
 PSYoungGen      total 311296K, used 307796K [0x00000000d6d00000, 0x00000000edc00000, 0x0000000100000000)
  eden space 291328K, 98% used [0x00000000d6d00000,0x00000000e86197b8,0x00000000e8980000)
  from space 19968K, 99% used [0x00000000ea280000,0x00000000eb5fbb90,0x00000000eb600000)
  to   space 25600K, 0% used [0x00000000e8980000,0x00000000e8980000,0x00000000ea280000)
 ParOldGen       total 100864K, used 42759K [0x0000000084600000, 0x000000008a880000, 0x00000000d6d00000)
  object space 100864K, 42% used [0x0000000084600000,0x0000000086fc1db0,0x000000008a880000)
 Metaspace       used 47985K, capacity 48846K, committed 49320K, reserved 1091584K
  class space    used 6013K, capacity 6262K, committed 6320K, reserved 1048576K
Event: 173,313 GC heap after
Heap after GC invocations=13 (full 2):
 PSYoungGen      total 316928K, used 25227K [0x00000000d6d00000, 0x00000000f0d80000, 0x0000000100000000)
  eden space 291328K, 0% used [0x00000000d6d00000,0x00000000d6d00000,0x00000000e8980000)
  from space 25600K, 98% used [0x00000000e8980000,0x00000000ea222f10,0x00000000ea280000)
  to   space 29184K, 0% used [0x00000000ef100000,0x00000000ef100000,0x00000000f0d80000)
 ParOldGen       total 126464K, used 115205K [0x0000000084600000, 0x000000008c180000, 0x00000000d6d00000)
  object space 126464K, 91% used [0x0000000084600000,0x000000008b681798,0x000000008c180000)
 Metaspace       used 47985K, capacity 48846K, committed 49320K, reserved 1091584K
  class space    used 6013K, capacity 6262K, committed 6320K, reserved 1048576K
}
Event: 173,314 GC heap before
{Heap before GC invocations=14 (full 3):
 PSYoungGen      total 316928K, used 25227K [0x00000000d6d00000, 0x00000000f0d80000, 0x0000000100000000)
  eden space 291328K, 0% used [0x00000000d6d00000,0x00000000d6d00000,0x00000000e8980000)
  from space 25600K, 98% used [0x00000000e8980000,0x00000000ea222f10,0x00000000ea280000)
  to   space 29184K, 0% used [0x00000000ef100000,0x00000000ef100000,0x00000000f0d80000)
 ParOldGen       total 126464K, used 115205K [0x0000000084600000, 0x000000008c180000, 0x00000000d6d00000)
  object space 126464K, 91% used [0x0000000084600000,0x000000008b681798,0x000000008c180000)
 Metaspace       used 47985K, capacity 48846K, committed 49320K, reserved 1091584K
  class space    used 6013K, capacity 6262K, committed 6320K, reserved 1048576K

