# JRE version: Java(TM) SE Runtime Environment (8.0_91-b14) (build 1.8.0_91-b14)
# Java VM: Java HotSpot(TM) 64-Bit Server VM (25.91-b14 mixed mode linux-amd64 compressed oops)
Heap:
 PSYoungGen      total 329728K, used 13705K [0x00000000d6d00000, 0x00000000ed880000, 0x0000000100000000)
  eden space 296448K, 0% used [0x00000000d6d00000,0x00000000d6d00000,0x00000000e8e80000)
  from space 33280K, 41% used [0x00000000eb700000,0x00000000ec4626d0,0x00000000ed780000)
  to   space 37888K, 0% used [0x00000000e8e80000,0x00000000e8e80000,0x00000000eb380000)
 ParOldGen       total 126464K, used 122469K [0x0000000084600000, 0x000000008c180000, 0x00000000d6d00000)
  object space 126464K, 96% used [0x0000000084600000,0x000000008bd995f0,0x000000008c180000)
 Metaspace       used 54017K, capacity 55018K, committed 55168K, reserved 1097728K
  class space    used 6700K, capacity 6986K, committed 7040K, reserved 1048576K
GC Heap History (10 events):
Event: 4,678 GC heap after
Heap after GC invocations=10 (full 1):
 PSYoungGen      total 257024K, used 16382K [0x00000000d6d00000, 0x00000000e8e00000, 0x0000000100000000)
  eden space 240640K, 0% used [0x00000000d6d00000,0x00000000d6d00000,0x00000000e5800000)
  from space 16384K, 99% used [0x00000000e5800000,0x00000000e67ff838,0x00000000e6800000)
  to   space 21504K, 0% used [0x00000000e7900000,0x00000000e7900000,0x00000000e8e00000)
 ParOldGen       total 73216K, used 31966K [0x0000000084600000, 0x0000000088d80000, 0x00000000d6d00000)
  object space 73216K, 43% used [0x0000000084600000,0x0000000086537980,0x0000000088d80000)
 Metaspace       used 34564K, capacity 35338K, committed 35456K, reserved 1081344K
  class space    used 4127K, capacity 4364K, committed 4480K, reserved 1048576K
}
Event: 4,678 GC heap before
{Heap before GC invocations=11 (full 2):
 PSYoungGen      total 257024K, used 16382K [0x00000000d6d00000, 0x00000000e8e00000, 0x0000000100000000)
  eden space 240640K, 0% used [0x00000000d6d00000,0x00000000d6d00000,0x00000000e5800000)
  from space 16384K, 99% used [0x00000000e5800000,0x00000000e67ff838,0x00000000e6800000)
  to   space 21504K, 0% used [0x00000000e7900000,0x00000000e7900000,0x00000000e8e00000)
 ParOldGen       total 73216K, used 31966K [0x0000000084600000, 0x0000000088d80000, 0x00000000d6d00000)
  object space 73216K, 43% used [0x0000000084600000,0x0000000086537980,0x0000000088d80000)
 Metaspace       used 34564K, capacity 35338K, committed 35456K, reserved 1081344K
  class space    used 4127K, capacity 4364K, committed 4480K, reserved 1048576K
Event: 4,787 GC heap after
Heap after GC invocations=11 (full 2):
 PSYoungGen      total 257024K, used 0K [0x00000000d6d00000, 0x00000000e8e00000, 0x0000000100000000)
  eden space 240640K, 0% used [0x00000000d6d00000,0x00000000d6d00000,0x00000000e5800000)
  from space 16384K, 0% used [0x00000000e5800000,0x00000000e5800000,0x00000000e6800000)
  to   space 21504K, 0% used [0x00000000e7900000,0x00000000e7900000,0x00000000e8e00000)
 ParOldGen       total 113664K, used 37661K [0x0000000084600000, 0x000000008b500000, 0x00000000d6d00000)
  object space 113664K, 33% used [0x0000000084600000,0x0000000086ac7608,0x000000008b500000)
 Metaspace       used 33449K, capacity 34100K, committed 35456K, reserved 1081344K
  class space    used 3981K, capacity 4189K, committed 4480K, reserved 1048576K
}
Event: 6,812 GC heap before
{Heap before GC invocations=12 (full 2):
 PSYoungGen      total 257024K, used 240640K [0x00000000d6d00000, 0x00000000e8e00000, 0x0000000100000000)
  eden space 240640K, 100% used [0x00000000d6d00000,0x00000000e5800000,0x00000000e5800000)
  from space 16384K, 0% used [0x00000000e5800000,0x00000000e5800000,0x00000000e6800000)
  to   space 21504K, 0% used [0x00000000e7900000,0x00000000e7900000,0x00000000e8e00000)
 ParOldGen       total 113664K, used 37661K [0x0000000084600000, 0x000000008b500000, 0x00000000d6d00000)
  object space 113664K, 33% used [0x0000000084600000,0x0000000086ac7608,0x000000008b500000)
 Metaspace       used 42393K, capacity 43192K, committed 43392K, reserved 1087488K
  class space    used 5115K, capacity 5370K, committed 5504K, reserved 1048576K
Event: 6,851 GC heap after
Heap after GC invocations=12 (full 2):
 PSYoungGen      total 271872K, used 19988K [0x00000000d6d00000, 0x00000000ec380000, 0x0000000100000000)
  eden space 250368K, 0% used [0x00000000d6d00000,0x00000000d6d00000,0x00000000e6180000)
  from space 21504K, 92% used [0x00000000e7900000,0x00000000e8c85110,0x00000000e8e00000)
  to   space 24064K, 0% used [0x00000000e6180000,0x00000000e6180000,0x00000000e7900000)
 ParOldGen       total 113664K, used 37669K [0x0000000084600000, 0x000000008b500000, 0x00000000d6d00000)
  object space 113664K, 33% used [0x0000000084600000,0x0000000086ac9608,0x000000008b500000)
 Metaspace       used 42393K, capacity 43192K, committed 43392K, reserved 1087488K
  class space    used 5115K, capacity 5370K, committed 5504K, reserved 1048576K
}
Event: 39,332 GC heap before
{Heap before GC invocations=13 (full 2):
 PSYoungGen      total 271872K, used 269933K [0x00000000d6d00000, 0x00000000ec380000, 0x0000000100000000)
  eden space 250368K, 99% used [0x00000000d6d00000,0x00000000e61163b8,0x00000000e6180000)
  from space 21504K, 92% used [0x00000000e7900000,0x00000000e8c85110,0x00000000e8e00000)
  to   space 24064K, 0% used [0x00000000e6180000,0x00000000e6180000,0x00000000e7900000)
 ParOldGen       total 113664K, used 37669K [0x0000000084600000, 0x000000008b500000, 0x00000000d6d00000)
  object space 113664K, 33% used [0x0000000084600000,0x0000000086ac9608,0x000000008b500000)
 Metaspace       used 54012K, capacity 55018K, committed 55168K, reserved 1097728K
  class space    used 6700K, capacity 6986K, committed 7040K, reserved 1048576K
Event: 39,355 GC heap after
Heap after GC invocations=13 (full 2):
 PSYoungGen      total 274432K, used 24060K [0x00000000d6d00000, 0x00000000ed780000, 0x0000000100000000)
  eden space 250368K, 0% used [0x00000000d6d00000,0x00000000d6d00000,0x00000000e6180000)
  from space 24064K, 99% used [0x00000000e6180000,0x00000000e78ff100,0x00000000e7900000)
  to   space 33280K, 0% used [0x00000000eb700000,0x00000000eb700000,0x00000000ed780000)
 ParOldGen       total 113664K, used 53698K [0x0000000084600000, 0x000000008b500000, 0x00000000d6d00000)
  object space 113664K, 47% used [0x0000000084600000,0x0000000087a70ae0,0x000000008b500000)
 Metaspace       used 54012K, capacity 55018K, committed 55168K, reserved 1097728K
  class space    used 6700K, capacity 6986K, committed 7040K, reserved 1048576K
}
Event: 66,141 GC heap before
{Heap before GC invocations=14 (full 2):
 PSYoungGen      total 274432K, used 269469K [0x00000000d6d00000, 0x00000000ed780000, 0x0000000100000000)
  eden space 250368K, 98% used [0x00000000d6d00000,0x00000000e5ca8388,0x00000000e6180000)
  from space 24064K, 99% used [0x00000000e6180000,0x00000000e78ff100,0x00000000e7900000)
  to   space 33280K, 0% used [0x00000000eb700000,0x00000000eb700000,0x00000000ed780000)
 ParOldGen       total 113664K, used 53698K [0x0000000084600000, 0x000000008b500000, 0x00000000d6d00000)
  object space 113664K, 47% used [0x0000000084600000,0x0000000087a70ae0,0x000000008b500000)
 Metaspace       used 54017K, capacity 55018K, committed 55168K, reserved 1097728K
  class space    used 6700K, capacity 6986K, committed 7040K, reserved 1048576K
Event: 66,243 GC heap after
Heap after GC invocations=14 (full 2):
 PSYoungGen      total 329728K, used 32283K [0x00000000d6d00000, 0x00000000ed880000, 0x0000000100000000)
  eden space 296448K, 0% used [0x00000000d6d00000,0x00000000d6d00000,0x00000000e8e80000)
  from space 33280K, 97% used [0x00000000eb700000,0x00000000ed686f60,0x00000000ed780000)
  to   space 37888K, 0% used [0x00000000e8e80000,0x00000000e8e80000,0x00000000eb380000)
 ParOldGen       total 126464K, used 120501K [0x0000000084600000, 0x000000008c180000, 0x00000000d6d00000)
  object space 126464K, 95% used [0x0000000084600000,0x000000008bbad580,0x000000008c180000)
 Metaspace       used 54017K, capacity 55018K, committed 55168K, reserved 1097728K
  class space    used 6700K, capacity 6986K, committed 7040K, reserved 1048576K
}
Event: 66,264 GC heap before
{Heap before GC invocations=15 (full 3):
 PSYoungGen      total 329728K, used 32283K [0x00000000d6d00000, 0x00000000ed880000, 0x0000000100000000)
  eden space 296448K, 0% used [0x00000000d6d00000,0x00000000d6d00000,0x00000000e8e80000)
  from space 33280K, 97% used [0x00000000eb700000,0x00000000ed686f60,0x00000000ed780000)
  to   space 37888K, 0% used [0x00000000e8e80000,0x00000000e8e80000,0x00000000eb380000)
 ParOldGen       total 126464K, used 120501K [0x0000000084600000, 0x000000008c180000, 0x00000000d6d00000)
  object space 126464K, 95% used [0x0000000084600000,0x000000008bbad580,0x000000008c180000)
 Metaspace       used 54017K, capacity 55018K, committed 55168K, reserved 1097728K
  class space    used 6700K, capacity 6986K, committed 7040K, reserved 1048576K

