# JRE version: Java(TM) SE Runtime Environment (8.0_91-b14) (build 1.8.0_91-b14)
# Java VM: Java HotSpot(TM) 64-Bit Server VM (25.91-b14 mixed mode linux-amd64 compressed oops)
Heap:
 PSYoungGen      total 310272K, used 12480K [0x00000000d6d00000, 0x00000000ef500000, 0x0000000100000000)
  eden space 284672K, 0% used [0x00000000d6d00000,0x00000000d6d00000,0x00000000e8300000)
  from space 25600K, 48% used [0x00000000e8300000,0x00000000e8f302a0,0x00000000e9c00000)
  to   space 29184K, 0% used [0x00000000ed880000,0x00000000ed880000,0x00000000ef500000)
 ParOldGen       total 117248K, used 107420K [0x0000000084600000, 0x000000008b880000, 0x00000000d6d00000)
  object space 117248K, 91% used [0x0000000084600000,0x000000008aee7238,0x000000008b880000)
 Metaspace       used 48018K, capacity 48910K, committed 49320K, reserved 1091584K
  class space    used 6009K, capacity 6262K, committed 6320K, reserved 1048576K
GC Heap History (10 events):
Event: 4,676 GC heap after
Heap after GC invocations=9 (full 1):
 PSYoungGen      total 223744K, used 13797K [0x00000000d6d00000, 0x00000000e7f00000, 0x0000000100000000)
  eden space 209920K, 0% used [0x00000000d6d00000,0x00000000d6d00000,0x00000000e3a00000)
  from space 13824K, 99% used [0x00000000e7180000,0x00000000e7ef96b0,0x00000000e7f00000)
  to   space 15872K, 0% used [0x00000000e6000000,0x00000000e6000000,0x00000000e6f80000)
 ParOldGen       total 67584K, used 21313K [0x0000000084600000, 0x0000000088800000, 0x00000000d6d00000)
  object space 67584K, 31% used [0x0000000084600000,0x0000000085ad06a8,0x0000000088800000)
 Metaspace       used 29362K, capacity 29964K, committed 30128K, reserved 1075200K
  class space    used 3523K, capacity 3710K, committed 3760K, reserved 1048576K
}
Event: 5,639 GC heap before
{Heap before GC invocations=10 (full 1):
 PSYoungGen      total 223744K, used 149186K [0x00000000d6d00000, 0x00000000e7f00000, 0x0000000100000000)
  eden space 209920K, 64% used [0x00000000d6d00000,0x00000000df137410,0x00000000e3a00000)
  from space 13824K, 99% used [0x00000000e7180000,0x00000000e7ef96b0,0x00000000e7f00000)
  to   space 15872K, 0% used [0x00000000e6000000,0x00000000e6000000,0x00000000e6f80000)
 ParOldGen       total 67584K, used 21313K [0x0000000084600000, 0x0000000088800000, 0x00000000d6d00000)
  object space 67584K, 31% used [0x0000000084600000,0x0000000085ad06a8,0x0000000088800000)
 Metaspace       used 34608K, capacity 35260K, committed 35496K, reserved 1081344K
  class space    used 4210K, capacity 4422K, committed 4528K, reserved 1048576K
Event: 5,666 GC heap after
Heap after GC invocations=10 (full 1):
 PSYoungGen      total 264704K, used 15860K [0x00000000d6d00000, 0x00000000eaf80000, 0x0000000100000000)
  eden space 248832K, 0% used [0x00000000d6d00000,0x00000000d6d00000,0x00000000e6000000)
  from space 15872K, 99% used [0x00000000e6000000,0x00000000e6f7d360,0x00000000e6f80000)
  to   space 19968K, 0% used [0x00000000e9c00000,0x00000000e9c00000,0x00000000eaf80000)
 ParOldGen       total 67584K, used 26142K [0x0000000084600000, 0x0000000088800000, 0x00000000d6d00000)
  object space 67584K, 38% used [0x0000000084600000,0x0000000085f87b10,0x0000000088800000)
 Metaspace       used 34608K, capacity 35260K, committed 35496K, reserved 1081344K
  class space    used 4210K, capacity 4422K, committed 4528K, reserved 1048576K
}
Event: 5,666 GC heap before
{Heap before GC invocations=11 (full 2):
 PSYoungGen      total 264704K, used 15860K [0x00000000d6d00000, 0x00000000eaf80000, 0x0000000100000000)
  eden space 248832K, 0% used [0x00000000d6d00000,0x00000000d6d00000,0x00000000e6000000)
  from space 15872K, 99% used [0x00000000e6000000,0x00000000e6f7d360,0x00000000e6f80000)
  to   space 19968K, 0% used [0x00000000e9c00000,0x00000000e9c00000,0x00000000eaf80000)
 ParOldGen       total 67584K, used 26142K [0x0000000084600000, 0x0000000088800000, 0x00000000d6d00000)
  object space 67584K, 38% used [0x0000000084600000,0x0000000085f87b10,0x0000000088800000)
 Metaspace       used 34608K, capacity 35260K, committed 35496K, reserved 1081344K
  class space    used 4210K, capacity 4422K, committed 4528K, reserved 1048576K
Event: 5,809 GC heap after
Heap after GC invocations=11 (full 2):
 PSYoungGen      total 264704K, used 0K [0x00000000d6d00000, 0x00000000eaf80000, 0x0000000100000000)
  eden space 248832K, 0% used [0x00000000d6d00000,0x00000000d6d00000,0x00000000e6000000)
  from space 15872K, 0% used [0x00000000e6000000,0x00000000e6000000,0x00000000e6f80000)
  to   space 19968K, 0% used [0x00000000e9c00000,0x00000000e9c00000,0x00000000eaf80000)
 ParOldGen       total 104448K, used 34550K [0x0000000084600000, 0x000000008ac00000, 0x00000000d6d00000)
  object space 104448K, 33% used [0x0000000084600000,0x00000000867bd9a8,0x000000008ac00000)
 Metaspace       used 34608K, capacity 35260K, committed 35496K, reserved 1081344K
  class space    used 4210K, capacity 4422K, committed 4528K, reserved 1048576K
}
Event: 49,018 GC heap before
{Heap before GC invocations=12 (full 2):
 PSYoungGen      total 264704K, used 245361K [0x00000000d6d00000, 0x00000000eaf80000, 0x0000000100000000)
  eden space 248832K, 98% used [0x00000000d6d00000,0x00000000e5c9c7c0,0x00000000e6000000)
  from space 15872K, 0% used [0x00000000e6000000,0x00000000e6000000,0x00000000e6f80000)
  to   space 19968K, 0% used [0x00000000e9c00000,0x00000000e9c00000,0x00000000eaf80000)
 ParOldGen       total 104448K, used 34550K [0x0000000084600000, 0x000000008ac00000, 0x00000000d6d00000)
  object space 104448K, 33% used [0x0000000084600000,0x00000000867bd9a8,0x000000008ac00000)
 Metaspace       used 48011K, capacity 48846K, committed 49320K, reserved 1091584K
  class space    used 6009K, capacity 6262K, committed 6320K, reserved 1048576K
Event: 49,044 GC heap after
Heap after GC invocations=12 (full 2):
 PSYoungGen      total 304640K, used 19937K [0x00000000d6d00000, 0x00000000ecd80000, 0x0000000100000000)
  eden space 284672K, 0% used [0x00000000d6d00000,0x00000000d6d00000,0x00000000e8300000)
  from space 19968K, 99% used [0x00000000e9c00000,0x00000000eaf78630,0x00000000eaf80000)
  to   space 25600K, 0% used [0x00000000e8300000,0x00000000e8300000,0x00000000e9c00000)
 ParOldGen       total 104448K, used 42458K [0x0000000084600000, 0x000000008ac00000, 0x00000000d6d00000)
  object space 104448K, 40% used [0x0000000084600000,0x0000000086f76b40,0x000000008ac00000)
 Metaspace       used 48011K, capacity 48846K, committed 49320K, reserved 1091584K
  class space    used 6009K, capacity 6262K, committed 6320K, reserved 1048576K
}
Event: 159,116 GC heap before
{Heap before GC invocations=13 (full 2):
 PSYoungGen      total 304640K, used 300899K [0x00000000d6d00000, 0x00000000ecd80000, 0x0000000100000000)
  eden space 284672K, 98% used [0x00000000d6d00000,0x00000000e7f60948,0x00000000e8300000)
  from space 19968K, 99% used [0x00000000e9c00000,0x00000000eaf78630,0x00000000eaf80000)
  to   space 25600K, 0% used [0x00000000e8300000,0x00000000e8300000,0x00000000e9c00000)
 ParOldGen       total 104448K, used 42458K [0x0000000084600000, 0x000000008ac00000, 0x00000000d6d00000)
  object space 104448K, 40% used [0x0000000084600000,0x0000000086f76b40,0x000000008ac00000)
 Metaspace       used 48018K, capacity 48910K, committed 49320K, reserved 1091584K
  class space    used 6009K, capacity 6262K, committed 6320K, reserved 1048576K
Event: 159,189 GC heap after
Heap after GC invocations=13 (full 2):
 PSYoungGen      total 310272K, used 25163K [0x00000000d6d00000, 0x00000000ef500000, 0x0000000100000000)
  eden space 284672K, 0% used [0x00000000d6d00000,0x00000000d6d00000,0x00000000e8300000)
  from space 25600K, 98% used [0x00000000e8300000,0x00000000e9b92f10,0x00000000e9c00000)
  to   space 29184K, 0% used [0x00000000ed880000,0x00000000ed880000,0x00000000ef500000)
 ParOldGen       total 117248K, used 114864K [0x0000000084600000, 0x000000008b880000, 0x00000000d6d00000)
  object space 117248K, 97% used [0x0000000084600000,0x000000008b62c310,0x000000008b880000)
 Metaspace       used 48018K, capacity 48910K, committed 49320K, reserved 1091584K
  class space    used 6009K, capacity 6262K, committed 6320K, reserved 1048576K
}
Event: 159,217 GC heap before
{Heap before GC invocations=14 (full 3):
 PSYoungGen      total 310272K, used 25163K [0x00000000d6d00000, 0x00000000ef500000, 0x0000000100000000)
  eden space 284672K, 0% used [0x00000000d6d00000,0x00000000d6d00000,0x00000000e8300000)
  from space 25600K, 98% used [0x00000000e8300000,0x00000000e9b92f10,0x00000000e9c00000)
  to   space 29184K, 0% used [0x00000000ed880000,0x00000000ed880000,0x00000000ef500000)
 ParOldGen       total 117248K, used 114864K [0x0000000084600000, 0x000000008b880000, 0x00000000d6d00000)
  object space 117248K, 97% used [0x0000000084600000,0x000000008b62c310,0x000000008b880000)
 Metaspace       used 48018K, capacity 48910K, committed 49320K, reserved 1091584K
  class space    used 6009K, capacity 6262K, committed 6320K, reserved 1048576K

